<?xml version="1.0" encoding="UTF-8"?>
<testng-results skipped="0" failed="0" ignored="0" total="4" passed="4">
  <reporter-output>
  </reporter-output>
  <suite name="Default suite" duration-ms="31511" started-at="2022-01-23T12:42:45Z" finished-at="2022-01-23T12:43:16Z">
    <groups>
    </groups>
    <test name="Default test" duration-ms="31511" started-at="2022-01-23T12:42:45Z" finished-at="2022-01-23T12:43:16Z">
      <class name="TestInfo.FlipKartTest">
        <test-method status="PASS" signature="launchBrowserAndProductSearch()[pri:0, instance:TestInfo.FlipKartTest@6a4f787b]" name="launchBrowserAndProductSearch" duration-ms="9025" started-at="2022-01-23T12:42:45Z" finished-at="2022-01-23T12:42:54Z">
          <reporter-output>
          </reporter-output>
        </test-method> <!-- launchBrowserAndProductSearch -->
        <test-method status="PASS" signature="selectDesireProductAndAddToCart()[pri:0, instance:TestInfo.FlipKartTest@6a4f787b]" name="selectDesireProductAndAddToCart" duration-ms="13382" started-at="2022-01-23T12:42:54Z" finished-at="2022-01-23T12:43:07Z">
          <reporter-output>
          </reporter-output>
        </test-method> <!-- selectDesireProductAndAddToCart -->
        <test-method status="PASS" signature="EnterAddressAndPaymentOptions()[pri:3, instance:TestInfo.FlipKartTest@6a4f787b]" name="EnterAddressAndPaymentOptions" duration-ms="8816" started-at="2022-01-23T12:43:07Z" finished-at="2022-01-23T12:43:16Z">
          <reporter-output>
          </reporter-output>
        </test-method> <!-- EnterAddressAndPaymentOptions -->
        <test-method status="PASS" signature="toRemoveAddedItem()[pri:4, instance:TestInfo.FlipKartTest@6a4f787b]" name="toRemoveAddedItem" duration-ms="236" started-at="2022-01-23T12:43:16Z" finished-at="2022-01-23T12:43:16Z">
          <reporter-output>
          </reporter-output>
        </test-method> <!-- toRemoveAddedItem -->
      </class> <!-- TestInfo.FlipKartTest -->
    </test> <!-- Default test -->
  </suite> <!-- Default suite -->
</testng-results>
